<?xml version="1.0" encoding="UTF-8"?>
<!-- Generated by org.testng.reporters.JUnitReportReporter -->
<testsuite hostname="DESKTOP-O1KM3J9" failures="0" tests="1" name="test.Communicationsavedaddrpaytest" time="13.242" errors="0" timestamp="2023-10-25T10:03:19 IST" skipped="0">
  <testcase classname="test.Communicationsavedaddrpaytest" name="tstcm" time="13.242"/>
  <system-out/>
</testsuite> <!-- test.Communicationsavedaddrpaytest -->
