<?xml version="1.0" encoding="UTF-8"?>
<!-- Generated by org.testng.reporters.JUnitReportReporter -->
<testsuite hostname="DESKTOP-O1KM3J9" failures="0" tests="1" name="test.MPpurchasedleadstst" time="17.962" errors="0" timestamp="2023-11-28T18:09:13 IST" skipped="0">
  <testcase classname="test.MPpurchasedleadstst" name="tstpurchsed" time="17.962"/>
  <system-out/>
</testsuite> <!-- test.MPpurchasedleadstst -->
