<?xml version="1.0" encoding="UTF-8"?>
<!-- Generated by org.testng.reporters.JUnitReportReporter -->
<testsuite hostname="DESKTOP-O1KM3J9" failures="0" tests="1" name="test.MPNotificationtst" time="29.227" errors="0" timestamp="2023-10-25T15:18:18 IST" skipped="0">
  <testcase classname="test.MPNotificationtst" name="tstnotifictn" time="29.227"/>
  <system-out/>
</testsuite> <!-- test.MPNotificationtst -->
