<?xml version="1.0" encoding="UTF-8"?>
<!-- Generated by org.testng.reporters.JUnitReportReporter -->
<testsuite hostname="DESKTOP-O1KM3J9" failures="0" tests="1" name="test.Loginmptst" time="54.131" errors="0" timestamp="2023-12-12T10:18:11 IST" skipped="0">
  <testcase classname="test.Loginmptst" name="tstlgnmp" time="54.131"/>
  <system-out/>
</testsuite> <!-- test.Loginmptst -->
