<?xml version="1.0" encoding="UTF-8"?>
<!-- Generated by org.testng.reporters.JUnitReportReporter -->
<testsuite hostname="DESKTOP-O1KM3J9" failures="0" tests="1" name="test.Calllisttst" time="2.768" errors="0" timestamp="2023-10-27T11:59:26 IST" skipped="0">
  <testcase classname="test.Calllisttst" name="tstcalllst" time="2.768"/>
  <system-out/>
</testsuite> <!-- test.Calllisttst -->
