<?xml version="1.0" encoding="UTF-8"?>
<!-- Generated by org.testng.reporters.JUnitReportReporter -->
<testsuite hostname="DESKTOP-O1KM3J9" failures="0" tests="1" name="test.SuppressionListTest" time="9.340" errors="0" timestamp="2023-11-20T15:49:40 IST" skipped="0">
  <testcase classname="test.SuppressionListTest" name="suppressionList" time="9.340"/>
  <system-out/>
</testsuite> <!-- test.SuppressionListTest -->
