<?xml version="1.0" encoding="UTF-8"?>
<!-- Generated by org.testng.reporters.JUnitReportReporter -->
<testsuite hostname="DESKTOP-O1KM3J9" failures="0" tests="1" name="test.Ordersmmrytst" time="76.557" errors="0" timestamp="2023-10-16T10:00:43 IST" skipped="0">
  <testcase classname="test.Ordersmmrytst" name="tstordsmry" time="76.557"/>
  <system-out/>
</testsuite> <!-- test.Ordersmmrytst -->
