<?xml version="1.0" encoding="UTF-8"?>
<!-- Generated by org.testng.reporters.JUnitReportReporter -->
<testsuite hostname="DESKTOP-O1KM3J9" failures="0" tests="1" name="test.Faqtst" time="2.725" errors="0" timestamp="2023-11-08T12:05:12 IST" skipped="0">
  <testcase classname="test.Faqtst" name="tstfq" time="2.725"/>
  <system-out/>
</testsuite> <!-- test.Faqtst -->
