<?xml version="1.0" encoding="UTF-8"?>
<!-- Generated by org.testng.reporters.JUnitReportReporter -->
<testsuite hostname="DESKTOP-O1KM3J9" failures="0" tests="1" name="test.ManageFAQtst" time="9.537" errors="0" timestamp="2023-11-08T12:05:50 IST" skipped="0">
  <testcase classname="test.ManageFAQtst" name="tstmngfaq" time="9.537"/>
  <system-out/>
</testsuite> <!-- test.ManageFAQtst -->
