<?xml version="1.0" encoding="UTF-8"?>
<!-- Generated by org.testng.reporters.JUnitReportReporter -->
<testsuite hostname="DESKTOP-O1KM3J9" failures="0" tests="1" name="test.Logintocrmtst" time="19.427" errors="0" timestamp="2023-11-20T16:30:26 IST" skipped="0">
  <testcase classname="test.Logintocrmtst" name="tstlgncrm" time="19.427"/>
  <system-out/>
</testsuite> <!-- test.Logintocrmtst -->
