<?xml version="1.0" encoding="UTF-8"?>
<!-- Generated by org.testng.reporters.JUnitReportReporter -->
<testsuite hostname="DESKTOP-O1KM3J9" failures="0" tests="1" name="test.Communicationtest" time="7.551" errors="0" timestamp="2023-10-27T11:58:49 IST" skipped="0">
  <testcase classname="test.Communicationtest" name="tstcmmnctn" time="7.551"/>
  <system-out/>
</testsuite> <!-- test.Communicationtest -->
