<?xml version="1.0" encoding="UTF-8"?>
<!-- Generated by org.testng.reporters.JUnitReportReporter -->
<testsuite hostname="DESKTOP-O1KM3J9" failures="0" tests="1" name="test.MPagentcontrolstst" time="50.228" errors="0" timestamp="2023-11-23T15:38:35 IST" skipped="0">
  <testcase classname="test.MPagentcontrolstst" name="tstagntcntrl" time="50.228"/>
  <system-out/>
</testsuite> <!-- test.MPagentcontrolstst -->
