<?xml version="1.0" encoding="UTF-8"?>
<!-- Generated by org.testng.reporters.JUnitReportReporter -->
<testsuite hostname="DESKTOP-O1KM3J9" failures="0" tests="1" name="test.Callsettingstst" time="7.983" errors="0" timestamp="2023-10-11T14:12:27 IST" skipped="0">
  <testcase classname="test.Callsettingstst" name="tstcallstng" time="7.983"/>
  <system-out/>
</testsuite> <!-- test.Callsettingstst -->
