<?xml version="1.0" encoding="UTF-8"?>
<!-- Generated by org.testng.reporters.JUnitReportReporter -->
<testsuite hostname="DESKTOP-O1KM3J9" failures="0" tests="1" name="test.Weeklystatustest" time="8.710" errors="0" timestamp="2023-10-27T11:48:08 IST" skipped="0">
  <testcase classname="test.Weeklystatustest" name="tstwklysts" time="8.710"/>
  <system-out/>
</testsuite> <!-- test.Weeklystatustest -->
