<?xml version="1.0" encoding="UTF-8"?>
<!-- Generated by org.testng.reporters.JUnitReportReporter -->
<testsuite hostname="DESKTOP-O1KM3J9" failures="0" tests="1" name="test.DownloadConsolidatedReportTest" time="4.685" errors="0" timestamp="2023-10-27T11:43:13 IST" skipped="0">
  <testcase classname="test.DownloadConsolidatedReportTest" name="downloadConsolidate" time="4.685"/>
  <system-out/>
</testsuite> <!-- test.DownloadConsolidatedReportTest -->
