<?xml version="1.0" encoding="UTF-8"?>
<!-- Generated by org.testng.reporters.JUnitReportReporter -->
<testsuite hostname="DESKTOP-O1KM3J9" failures="0" tests="1" name="test.Orderstest" time="5.215" errors="0" timestamp="2023-10-27T12:00:06 IST" skipped="0">
  <testcase classname="test.Orderstest" name="tstorder" time="5.215"/>
  <system-out/>
</testsuite> <!-- test.Orderstest -->
