<?xml version="1.0" encoding="UTF-8"?>
<!-- Generated by org.testng.reporters.JUnitReportReporter -->
<testsuite hostname="DESKTOP-O1KM3J9" failures="0" tests="1" name="test.SearchTest" time="17.092" errors="0" timestamp="2023-10-27T12:02:31 IST" skipped="0">
  <testcase classname="test.SearchTest" name="mortageIDSearch" time="17.092"/>
  <system-out/>
</testsuite> <!-- test.SearchTest -->
