<?xml version="1.0" encoding="UTF-8"?>
<!-- Generated by org.testng.reporters.JUnitReportReporter -->
<testsuite hostname="DESKTOP-O1KM3J9" failures="0" tests="1" name="test.MPPromoCodeTest" time="18.262" errors="0" timestamp="2023-10-18T14:25:36 IST" skipped="0">
  <testcase classname="test.MPPromoCodeTest" name="marketHome" time="18.262"/>
  <system-out/>
</testsuite> <!-- test.MPPromoCodeTest -->
