<?xml version="1.0" encoding="UTF-8"?>
<!-- Generated by org.testng.reporters.JUnitReportReporter -->
<testsuite hostname="DESKTOP-O1KM3J9" failures="0" tests="1" name="test.Ariatst" time="9.202" errors="0" timestamp="2023-10-03T09:26:37 IST" skipped="0">
  <testcase classname="test.Ariatst" name="test" time="9.202"/>
  <system-out/>
</testsuite> <!-- test.Ariatst -->
