<?xml version="1.0" encoding="UTF-8"?>
<!-- Generated by org.testng.reporters.JUnitReportReporter -->
<testsuite hostname="DESKTOP-O1KM3J9" failures="0" tests="1" name="test.Logintest" time="0.556" errors="0" timestamp="2023-10-04T11:39:23 IST" skipped="0">
  <testcase classname="test.Logintest" name="tstlogin" time="0.556"/>
  <system-out/>
</testsuite> <!-- test.Logintest -->
