<?xml version="1.0" encoding="UTF-8"?>
<!-- Generated by org.testng.reporters.JUnitReportReporter -->
<testsuite hostname="DESKTOP-O1KM3J9" failures="0" tests="1" name="test.UsersTest" time="4.526" errors="0" timestamp="2023-10-27T11:09:29 IST" skipped="0">
  <testcase classname="test.UsersTest" name="users" time="4.526"/>
  <system-out/>
</testsuite> <!-- test.UsersTest -->
